\BOOKMARK [1][-]{section*.1}{\376\377\000A\000b\000s\000t\000r\000a\000c\000t}{}% 1
\BOOKMARK [1][-]{section.1}{\376\377\0001\000\040\000I\000n\000t\000r\000o\000d\000u\000c\000t\000i\000o\000n}{}% 2
\BOOKMARK [1][-]{section.2}{\376\377\0002\000\040\000R\000e\000l\000a\000t\000e\000d\000\040\000W\000o\000r\000k}{}% 3
\BOOKMARK [1][-]{section.3}{\376\377\0003\000\040\000S\000y\000s\000t\000e\000m\000\040\000A\000r\000c\000h\000i\000t\000e\000c\000t\000u\000r\000e}{}% 4
\BOOKMARK [2][-]{subsection.3.1}{\376\377\0003\000.\0001\000\040\000O\000v\000e\000r\000v\000i\000e\000w}{section.3}% 5
\BOOKMARK [2][-]{subsection.3.2}{\376\377\0003\000.\0002\000\040\000P\000i\000n\000\040\000I\000n\000t\000e\000r\000f\000a\000c\000e\000\040\000a\000n\000d\000\040\000P\000a\000c\000k\000a\000g\000i\000n\000g}{section.3}% 6
\BOOKMARK [2][-]{subsection.3.3}{\376\377\0003\000.\0003\000\040\000M\000o\000d\000u\000l\000e\000\040\000H\000i\000e\000r\000a\000r\000c\000h\000y}{section.3}% 7
\BOOKMARK [1][-]{section.4}{\376\377\0004\000\040\000S\000e\000c\000u\000r\000i\000t\000y\000\040\000A\000n\000a\000l\000y\000s\000i\000s\000\040\000a\000n\000d\000\040\000P\000r\000o\000t\000o\000c\000o\000l\000\040\000D\000e\000s\000i\000g\000n}{}% 8
\BOOKMARK [2][-]{subsection.4.1}{\376\377\0004\000.\0001\000\040\000T\000h\000r\000e\000a\000t\000\040\000M\000o\000d\000e\000l}{section.4}% 9
\BOOKMARK [2][-]{subsection.4.2}{\376\377\0004\000.\0002\000\040\000L\000A\000Y\000R\000\040\000L\000e\000v\000e\000l\000\040\0001\000\040\000P\000r\000o\000t\000o\000c\000o\000l}{section.4}% 10
\BOOKMARK [2][-]{subsection.4.3}{\376\377\0004\000.\0003\000\040\000K\000e\000y\000\040\000R\000o\000l\000l\000o\000v\000e\000r}{section.4}% 11
\BOOKMARK [1][-]{section.5}{\376\377\0005\000\040\000R\000T\000L\000\040\000I\000m\000p\000l\000e\000m\000e\000n\000t\000a\000t\000i\000o\000n}{}% 12
\BOOKMARK [2][-]{subsection.5.1}{\376\377\0005\000.\0001\000\040\000S\000h\000a\000r\000e\000d\000\040\000S\000P\000I\000\040\000M\000a\000s\000t\000e\000r\000\040\000\050\000s\000p\000i\000\137\000m\000a\000s\000t\000e\000r\000.\000v\000\051}{section.5}% 13
\BOOKMARK [2][-]{subsection.5.2}{\376\377\0005\000.\0002\000\040\000N\000F\000C\000\040\000F\000r\000o\000n\000t\000-\000E\000n\000d\000\040\000I\000n\000t\000e\000r\000f\000a\000c\000e\000\040\000\050\000m\000f\000r\000c\0005\0002\0002\000\137\000a\000p\000d\000u\000\137\000i\000n\000t\000e\000r\000f\000a\000c\000e\000.\000v\000\051}{section.5}% 14
\BOOKMARK [2][-]{subsection.5.3}{\376\377\0005\000.\0003\000\040\000A\000E\000S\000\040\000E\000n\000g\000i\000n\000e\000\040\000\050\000a\000e\000s\000\137\000c\000o\000r\000e\000.\000v\000\040\000/\000\040\000a\000e\000s\000\137\000i\000t\000e\000r\000a\000t\000i\000v\000e\000.\000v\000\051}{section.5}% 15
\BOOKMARK [2][-]{subsection.5.4}{\376\377\0005\000.\0004\000\040\000E\000E\000P\000R\000O\000M\000\040\000I\000n\000t\000e\000r\000f\000a\000c\000e\000\040\000\050\000a\000t\0002\0005\0000\0001\0000\000\137\000i\000n\000t\000e\000r\000f\000a\000c\000e\000.\000v\000\051}{section.5}% 16
\BOOKMARK [2][-]{subsection.5.5}{\376\377\0005\000.\0005\000\040\000L\000A\000Y\000R\000\040\000A\000u\000t\000h\000e\000n\000t\000i\000c\000a\000t\000i\000o\000n\000\040\000C\000o\000r\000e\000\040\000\050\000l\000a\000y\000r\000\137\000c\000o\000r\000e\000.\000v\000\051}{section.5}% 17
\BOOKMARK [1][-]{section.6}{\376\377\0006\000\040\000A\000n\000d\000r\000o\000i\000d\000\040\000S\000i\000m\000u\000l\000a\000t\000o\000r\000\040\000A\000p\000p\000l\000i\000c\000a\000t\000i\000o\000n}{}% 18
\BOOKMARK [1][-]{section.7}{\376\377\0007\000\040\000P\000h\000y\000s\000i\000c\000a\000l\000\040\000D\000e\000s\000i\000g\000n}{}% 19
\BOOKMARK [2][-]{subsection.7.1}{\376\377\0007\000.\0001\000\040\000T\000e\000c\000h\000n\000o\000l\000o\000g\000y}{section.7}% 20
\BOOKMARK [2][-]{subsection.7.2}{\376\377\0007\000.\0002\000\040\000P\000a\000d\000\040\000R\000i\000n\000g}{section.7}% 21
\BOOKMARK [2][-]{subsection.7.3}{\376\377\0007\000.\0003\000\040\000T\000e\000s\000t\000\040\000S\000e\000t\000u\000p}{section.7}% 22
\BOOKMARK [1][-]{section.8}{\376\377\0008\000\040\000D\000e\000v\000e\000l\000o\000p\000m\000e\000n\000t\000\040\000P\000r\000o\000c\000e\000s\000s}{}% 23
\BOOKMARK [2][-]{subsection.8.1}{\376\377\0008\000.\0001\000\040\000P\000h\000a\000s\000e\000\040\0000\000:\000\040\000S\000i\000m\000u\000l\000a\000t\000i\000o\000n\000-\000F\000i\000r\000s\000t\000\040\000A\000p\000p\000r\000o\000a\000c\000h\000\040\000a\000n\000d\000\040\000I\000t\000s\000\040\000L\000i\000m\000i\000t\000s}{section.8}% 24
\BOOKMARK [2][-]{subsection.8.2}{\376\377\0008\000.\0002\000\040\000P\000h\000a\000s\000e\000\040\0001\000:\000\040\000I\000n\000f\000r\000a\000s\000t\000r\000u\000c\000t\000u\000r\000e\000\040\000a\000n\000d\000\040\000B\000a\000s\000i\000c\000\040\000S\000P\000I\000\040\000C\000o\000m\000m\000u\000n\000i\000c\000a\000t\000i\000o\000n}{section.8}% 25
\BOOKMARK [2][-]{subsection.8.3}{\376\377\0008\000.\0003\000\040\000P\000h\000a\000s\000e\000\040\0002\000:\000\040\000T\000h\000e\000\040\000A\000P\000D\000U\000\040\000D\000e\000a\000d\000-\000E\000n\000d\000\040\000a\000n\000d\000\040\000t\000h\000e\000\040\000B\000o\000o\000t\000s\000t\000r\000a\000p\000p\000i\000n\000g\000\040\000P\000r\000o\000b\000l\000e\000m}{section.8}% 26
\BOOKMARK [2][-]{subsection.8.4}{\376\377\0008\000.\0004\000\040\000P\000h\000a\000s\000e\000\040\0003\000:\000\040\000L\000A\000Y\000R\000\040\000P\000r\000o\000t\000o\000c\000o\000l\000\040\000a\000n\000d\000\040\000S\000y\000s\000t\000e\000m\000\040\000I\000n\000t\000e\000g\000r\000a\000t\000i\000o\000n}{section.8}% 27
\BOOKMARK [2][-]{subsection.8.5}{\376\377\0008\000.\0005\000\040\000P\000h\000a\000s\000e\000\040\0003\000b\000:\000\040\000J\000a\000v\000a\000C\000a\000r\000d\000\040\000C\000o\000m\000p\000a\000t\000i\000b\000i\000l\000i\000t\000y\000\040\000a\000n\000d\000\040\000E\000E\000P\000R\000O\000M\000\040\000I\000n\000i\000t\000i\000a\000l\000i\000s\000a\000t\000i\000o\000n}{section.8}% 28
\BOOKMARK [2][-]{subsection.8.6}{\376\377\0008\000.\0006\000\040\000P\000h\000a\000s\000e\000\040\0004\000:\000\040\000T\000a\000p\000e\000-\000O\000u\000t\000\040\000P\000r\000e\000p\000a\000r\000a\000t\000i\000o\000n}{section.8}% 29
\BOOKMARK [1][-]{section.9}{\376\377\0009\000\040\000V\000e\000r\000i\000f\000i\000c\000a\000t\000i\000o\000n}{}% 30
\BOOKMARK [1][-]{section.10}{\376\377\0001\0000\000\040\000D\000i\000s\000c\000u\000s\000s\000i\000o\000n}{}% 31
\BOOKMARK [1][-]{section.11}{\376\377\0001\0001\000\040\000C\000o\000n\000c\000l\000u\000s\000i\000o\000n}{}% 32
\BOOKMARK [1][-]{section*.46}{\376\377\000R\000e\000f\000e\000r\000e\000n\000c\000e\000s}{}% 33
