Starting…
Skipping step 'Verilator Lint'…
Skipping step 'Lint Timing Error Checker'…
Skipping step 'Lint Errors Checker'…
Skipping step 'Lint Warnings Checker'…
Skipping step 'Generate JSON Header'…
Skipping step 'Synthesis'…
Skipping step 'Unmapped Cells Checker'…
Skipping step 'Yosys Synth Checks'…
Skipping step 'Netlist Assign Statement Checker'…
Skipping step 'Check SDC Files'…
Skipping step 'Check Macro Instances'…
Skipping step 'STA (Pre-PnR)'…
Skipping step 'Floorplan Init'…
Skipping step 'Dump RC Values'…
Skipping step 'Check Antenna Properties of Macros Pins in Their LEF Views'…
Skipping step 'Set Power Connections'…
Skipping step 'Pad Ring Generation'…
Skipping step 'Manual Macro Placement'…
Skipping step 'Cut Rows'…
Skipping step 'Tap/Decap Insertion'…
Skipping step 'Add PDN obstructions'…
Skipping step 'Generate PDN'…
Skipping step 'Remove PDN obstructions'…
Skipping step 'Add Obstructions'…
Skipping step 'Global Placement Skip IO'…
Skipping step 'Apply DEF Template'…
Skipping step 'Global Placement'…
Skipping step 'Write Verilog Header'…
Skipping step 'Power Grid Violation Checker'…
Skipping step 'STA (Mid-PnR)'…
Skipping step 'Repair Design (Post-Global Placement)'…
Skipping step 'Manual Global Placement'…
Skipping step 'Detailed Placement'…
Skipping step 'Clock Tree Synthesis'…
Skipping step 'STA (Mid-PnR)'…
Skipping step 'Resizer Timing Optimizations (Post-Clock Tree Synthesis)'…
Skipping step 'STA (Mid-PnR)'…
Skipping step 'Global Routing'…
Skipping step 'Check Antennas'…
Gating variable for step 'OpenROAD.RepairDesignPostGRT' set to 'False'- the step will be skipped.
Skipping step 'Repair Design (Post-Global Routing)'…
Skipping step 'Diodes on Ports'…
Gating variable for step 'Odb.HeuristicDiodeInsertion' set to 'False'- the step will be skipped.
Skipping step 'Heuristic Diode Insertion'…
Skipping step 'Antenna Repair'…
Gating variable for step 'OpenROAD.ResizerTimingPostGRT' set to 'False'- the step will be skipped.
Skipping step 'Resizer Timing Optimizations (Post-Global Routing)'…
Skipping step 'STA (Mid-PnR)'…
Skipping step 'Detailed Routing'…
Skipping step 'Remove Obstructions'…
Skipping step 'Check Antennas'…
Skipping step 'Routing DRC Checker'…
Skipping step 'Report Disconnected Pins'…
Skipping step 'Disconnected Pins Checker'…
Skipping step 'Report Wire Length'…
Skipping step 'Wire Length Threshold Checker'…
Skipping step 'Fill Insertion'…
Skipping step 'Generate Cell Frequency Tables'…
Skipping step 'Parasitics (RC) Extraction'…
Skipping step 'STA (Post-PnR)'…
Skipping step 'IR Drop Report'…
Skipping step 'GDSII Stream Out (Magic)'…
Skipping step 'GDSII Stream Out (KLayout)'…
Skipping step 'KLayout vs. Magic XOR'…
Skipping step 'XOR Difference Checker'…
Skipping step 'Antenna Check'…
Skipping step 'KLayout Antenna Checker'…
Skipping step 'Seal Ring Generation'…
Skipping step 'Filler Generation'…
Running 'KLayout.Density' at 'librelane/runs/RUN_2026-03-12_14-31-19/64-klayout-density'…
Running KLayout density check with 12 threads…
Logging subprocess to [repr.filename]'librelane/runs/RUN_2026-03-12_14-31-19/64-klayout-density/klayout-density.log'[/repr.filename]…
Logging subprocess to [repr.filename]'librelane/runs/RUN_2026-03-12_14-31-19/64-klayout-density/xml_drc_report_to_json.log'[/repr.filename]…
Running 'Checker.KLayoutDensity' at 'librelane/runs/RUN_2026-03-12_14-31-19/65-checker-klayoutdensity'…
Check for KLayout density errors clear.
Running 'KLayout.DRC' at 'librelane/runs/RUN_2026-03-12_14-31-19/66-klayout-drc'…
Running KLayout DRC with 12 threads…
Logging subprocess to [repr.filename]'librelane/runs/RUN_2026-03-12_14-31-19/66-klayout-drc/klayout-drc.log'[/repr.filename]…
Logging subprocess to [repr.filename]'librelane/runs/RUN_2026-03-12_14-31-19/66-klayout-drc/xml_drc_report_to_json.log'[/repr.filename]…
Running 'Checker.KLayoutDRC' at 'librelane/runs/RUN_2026-03-12_14-31-19/67-checker-klayoutdrc'…
Check for KLayout DRC errors clear.
Running 'Magic.SpiceExtraction' at 'librelane/runs/RUN_2026-03-12_14-31-19/68-magic-spiceextraction'…
Logging subprocess to [repr.filename]'librelane/runs/RUN_2026-03-12_14-31-19/68-magic-spiceextraction/magic-spiceextraction.log'[/repr.filename]…
Not converting the feedback to the KLayout database format: 17208 > MAGIC_FEEDBACK_CONVERSION_THRESHOLD (10000). You may manually increase the threshold, but it might take forever.
Running 'Netgen.LVS' at 'librelane/runs/RUN_2026-03-12_14-31-19/69-netgen-lvs'…
Logging subprocess to [repr.filename]'librelane/runs/RUN_2026-03-12_14-31-19/69-netgen-lvs/netgen-lvs.log'[/repr.filename]…
Running 'Checker.LVS' at 'librelane/runs/RUN_2026-03-12_14-31-19/70-checker-lvs'…
Check for LVS errors clear.
Gating variable for step 'Yosys.EQY' set to 'False'- the step will be skipped.
Skipping step 'Equivalence Check'…
Running 'Checker.SetupViolations' at 'librelane/runs/RUN_2026-03-12_14-31-19/71-checker-setupviolations'…
Setup violations found in the following corners:
* nom_slow_1p08V_125C
No setup violations found
Running 'Checker.HoldViolations' at 'librelane/runs/RUN_2026-03-12_14-31-19/72-checker-holdviolations'…
No hold violations found
Running 'Checker.MaxSlewViolations' at 'librelane/runs/RUN_2026-03-12_14-31-19/73-checker-maxslewviolations'…
Max Slew violations found in the following corners:
* nom_slow_1p08V_125C
* nom_typ_1p20V_25C
No max slew violations found
Running 'Checker.MaxCapViolations' at 'librelane/runs/RUN_2026-03-12_14-31-19/74-checker-maxcapviolations'…
Max Cap violations found in the following corners:
* nom_fast_1p32V_m40C
* nom_slow_1p08V_125C
* nom_typ_1p20V_25C
No max cap violations found
Running 'Misc.ReportManufacturability' at 'librelane/runs/RUN_2026-03-12_14-31-19/75-misc-reportmanufacturability'…
magic__drc_error__count not reported. Magic.DRC may have been skipped.
Saving views to '/home/phiph/24/librelane/runs/RUN_2026-03-12_14-31-19/final'…
Flow complete.
